app/build/app/intermediates/proguard-rules/release/aapt_rules.txt
# Referenced at merged_manifests\release\AndroidManifest.xml:22
-keep class androidx.core.app.CoreComponentFactory { <init>(); }
# Referenced at merged_manifests\release\AndroidManifest.xml:27
-keep class com.sparrow.jacai.MainActivity { <init>(); }
# Referenced at merged_manifests\release\AndroidManifest.xml:22
-keep class io.flutter.app.FlutterApplication { <init>(); }
# Referenced at merged_manifests\release\AndroidManifest.xml:48
-keep class io.flutter.plugins.imagepicker.ImagePickerFileProvider { <init>(); }