app/build/app/outputs/mapping/release/mapping.txt
# compiler: R8
# compiler_version: 1.5.64
# min_api: 21
# pg_map_id: 18cb903
com.sparrow.jacai.MainActivity -> com.sparrow.jacai.MainActivity:
    void configureFlutterEngine(io.flutter.embedding.engine.FlutterEngine) -> a
...
androidx.core.app.RemoteActionCompat -> androidx.core.app.RemoteActionCompat:
    androidx.core.graphics.drawable.IconCompat mIcon -> a
    java.lang.CharSequence mTitle -> b
    java.lang.CharSequence mContentDescription -> c
    boolean mEnabled -> e
    boolean mShouldShowIcon -> f
    android.app.PendingIntent mActionIntent -> d
androidx.core.content.ContextCompat -> a.c.a.a:
    int checkSelfPermission(android.content.Context,java.lang.String) -> a
    java.io.File[] getExternalCacheDirs(android.content.Context) -> a
    java.io.File[] getExternalFilesDirs(android.content.Context,java.lang.String) -> b
androidx.core.content.FileProvider -> a.c.a.b:
    java.io.File DEVICE_ROOT -> c
    androidx.core.content.FileProvider$PathStrategy mStrategy -> a
    java.util.HashMap sCache -> d
    java.lang.String[] COLUMNS -> b
    java.io.File buildPath(java.io.File,java.lang.String[]) -> a
    java.lang.Object[] copyOf(java.lang.Object[],int) -> a
    java.lang.String[] copyOf(java.lang.String[],int) -> a
    androidx.core.content.FileProvider$PathStrategy getPathStrategy(android.content.Context,java.lang.String) -> a
    android.net.Uri getUriForFile(android.content.Context,java.lang.String,java.io.File) -> a
    int modeToMode(java.lang.String) -> a
    androidx.core.content.FileProvider$PathStrategy parsePathStrategy(android.content.Context,java.lang.String) -> b
androidx.core.content.FileProvider$PathStrategy -> a.c.a.b$a:
    java.io.File getFileForUri(android.net.Uri) -> a
    android.net.Uri getUriForFile(java.io.File) -> a
androidx.core.content.FileProvider$SimplePathStrategy -> a.c.a.b$b:
    java.util.HashMap mRoots -> b
    java.lang.String mAuthority -> a
    void addRoot(java.lang.String,java.io.File) -> a
    java.io.File getFileForUri(android.net.Uri) -> a
    android.net.Uri getUriForFile(java.io.File) -> a
androidx.core.graphics.drawable.IconCompat -> androidx.core.graphics.drawable.IconCompat:
    android.graphics.PorterDuff$Mode DEFAULT_TINT_MODE -> j
    java.lang.String mTintModeStr -> i
    android.graphics.PorterDuff$Mode mTintMode -> h
    android.os.Parcelable mParcelable -> d
    java.lang.Object mObj1 -> b
    int mInt2 -> f
    android.content.res.ColorStateList mTintList -> g
    int mInt1 -> e
    byte[] mData -> c
    int mType -> a
    int getResId() -> a
    int getResId(android.graphics.drawable.Icon) -> a
    void onPreParceling(boolean) -> a
    java.lang.String typeToString(int) -> a
    java.lang.String getResPackage() -> b
    java.lang.String getResPackage(android.graphics.drawable.Icon) -> b
    void onPostParceling() -> c
androidx.core.view.KeyEventDispatcher$Component -> a.c.b.a:
androidx.fragment.app.Fragment -> androidx.fragment.app.a:
    android.view.View mView -> a
androidx.fragment.app.Fragment$2 -> androidx.fragment.app.Fragment$2:
    androidx.fragment.app.Fragment this$0 -> a
    void onStateChanged(androidx.lifecycle.LifecycleOwner,androidx.lifecycle.Lifecycle$Event) -> a
androidx.lifecycle.ClassesInfoCache -> androidx.lifecycle.a:
    java.util.Map mCallbackMap -> a
    java.util.Map mHasLifecycleMethods -> b
    androidx.lifecycle.ClassesInfoCache sInstance -> c
    androidx.lifecycle.ClassesInfoCache$CallbackInfo createInfo(java.lang.Class,java.lang.reflect.Method[]) -> a
    androidx.lifecycle.ClassesInfoCache$CallbackInfo getInfo(java.lang.Class) -> a
    void verifyAndPutHandler(java.util.Map,androidx.lifecycle.ClassesInfoCache$MethodReference,androidx.lifecycle.Lifecycle$Event,java.lang.Class) -> a
    boolean hasLifecycleMethods(java.lang.Class) -> b
    java.lang.reflect.Method[] getDeclaredMethods(java.lang.Class) -> c